Using pre-set license
Built from '2020.2/release' branch; Version is '2020.2.4f1 (becced5a802b) revision 12504301'; Using compiler version '192528614'; Build Type 'Release'
OS: 'Windows 10 Home Single Language; OS build 19041.804; Version 2004; 64bit' Language: 'uk' Physical Memory: 16326 MB
BatchMode: 1, IsHumanControllingUs: 0, StartBugReporterOnCrash: 0, Is64bit: 1, IsPro: 0

 COMMAND LINE ARGUMENTS:
D:\Games\unity\2020.2.4f1\Editor\Unity.exe
-adb2
-batchMode
-noUpm
-name
AssetImportWorker0
-projectPath
D:/Games/Unity Projects/ShooterMultiplayer
-logFile
Logs/AssetImportWorker0.log
-srvPort
50612
Successfully changed project path to: D:/Games/Unity Projects/ShooterMultiplayer
D:/Games/Unity Projects/ShooterMultiplayer
Using Asset Import Pipeline V2.
Refreshing native plugins compatible for Editor in 26.62 ms, found 0 plugins.
Preloading 0 native plugins for Editor in 0.00 ms.
Initialize engine version: 2020.2.4f1 (becced5a802b)
[Subsystems] Discovering subsystems at path D:/Games/unity/2020.2.4f1/Editor/Data/Resources/UnitySubsystems
[Subsystems] Discovering subsystems at path D:/Games/Unity Projects/ShooterMultiplayer/Assets
GfxDevice: creating device client; threaded=0
Direct3D:
    Version:  Direct3D 11.0 [level 11.1]
    Renderer: NVIDIA GeForce GTX 1080 (ID=0x1b80)
    Vendor:   
    VRAM:     8079 MB
    Driver:   27.21.14.6140
Initialize mono
Mono path[0] = 'D:/Games/unity/2020.2.4f1/Editor/Data/Managed'
Mono path[1] = 'D:/Games/unity/2020.2.4f1/Editor/Data/MonoBleedingEdge/lib/mono/unityjit'
Mono config path = 'D:/Games/unity/2020.2.4f1/Editor/Data/MonoBleedingEdge/etc'
Using monoOptions --debugger-agent=transport=dt_socket,embedding=1,server=y,suspend=n,address=127.0.0.1:56164
Begin MonoManager ReloadAssembly
Registering precompiled unity dll's ...
Register platform support module: D:/Games/unity/2020.2.4f1/Editor/Data/PlaybackEngines/WindowsStandaloneSupport/UnityEditor.WindowsStandalone.Extensions.dll
Registered in 0.001063 seconds.
Native extension for WindowsStandalone target not found
Refreshing native plugins compatible for Editor in 24.39 ms, found 0 plugins.
Preloading 0 native plugins for Editor in 0.00 ms.
Invoked RoslynAnalysisRunner static constructor.
RoslynAnalysisRunner will not be running.
RoslynAnalysisRunner has terminated.
Mono: successfully reloaded assembly
- Completed reload, in  1.071 seconds
Platform modules already initialized, skipping
Registering precompiled user dll's ...
Registered in 0.002013 seconds.
Begin MonoManager ReloadAssembly
Symbol file LoadedFromMemory is not a mono symbol file
Native extension for WindowsStandalone target not found
Refreshing native plugins compatible for Editor in 0.27 ms, found 0 plugins.
Preloading 0 native plugins for Editor in 0.00 ms.
Invoked RoslynAnalysisRunner static constructor.
RoslynAnalysisRunner will not be running.
RoslynAnalysisRunner has terminated.
Mono: successfully reloaded assembly
- Completed reload, in  0.806 seconds
Platform modules already initialized, skipping
========================================================================
Worker process is ready to serve import requests
Launched and connected shader compiler UnityShaderCompiler.exe after 0.04 seconds
Refreshing native plugins compatible for Editor in 0.24 ms, found 0 plugins.
Preloading 0 native plugins for Editor in 0.00 ms.
Unloading 1392 Unused Serialized files (Serialized files now loaded: 0)
System memory in use before: 73.0 MB.
System memory in use after: 73.1 MB.

Unloading 15 unused Assets to reduce memory usage. Loaded Objects now: 1836.
Total: 1.547000 ms (FindLiveObjects: 0.132900 ms CreateObjectMapping: 0.045800 ms MarkObjects: 1.286900 ms  DeleteObjects: 0.080600 ms)

========================================================================
Received Import Request.
  path: Assets/Resources/PhotonPrefabs/PlayerController.prefab
  artifactKey: Guid(9ac91ab1a8eb2524b85c2d65171cdbeb) Importer(815301076,1909f56bfc062723c751e8b465ee728b)
Start importing Assets/Resources/PhotonPrefabs/PlayerController.prefab using Guid(9ac91ab1a8eb2524b85c2d65171cdbeb) Importer(815301076,1909f56bfc062723c751e8b465ee728b)  -> (artifact id: 'ed0e051867d04aa72b276f6a5a0902b3') in 0.227966 seconds
  Import took 0.231445 seconds .

========================================================================
Received Prepare
Registering precompiled user dll's ...
Registered in 0.001901 seconds.
Begin MonoManager ReloadAssembly
Symbol file LoadedFromMemory is not a mono symbol file
Native extension for WindowsStandalone target not found
Refreshing native plugins compatible for Editor in 0.25 ms, found 0 plugins.
Preloading 0 native plugins for Editor in 0.00 ms.
Invoked RoslynAnalysisRunner static constructor.
RoslynAnalysisRunner will not be running.
RoslynAnalysisRunner has terminated.
Mono: successfully reloaded assembly
- Completed reload, in  0.693 seconds
Platform modules already initialized, skipping
Refreshing native plugins compatible for Editor in 0.26 ms, found 0 plugins.
Preloading 0 native plugins for Editor in 0.00 ms.
Unloading 1348 Unused Serialized files (Serialized files now loaded: 0)
System memory in use before: 73.4 MB.
System memory in use after: 73.5 MB.

Unloading 10 unused Assets to reduce memory usage. Loaded Objects now: 1848.
Total: 1.608400 ms (FindLiveObjects: 0.156500 ms CreateObjectMapping: 0.049000 ms MarkObjects: 1.339800 ms  DeleteObjects: 0.061500 ms)

========================================================================
Received Import Request.
  Time since last request: 1940.803337 seconds.
  path: Assets/BigRookGames/_AssetPacks/Stylized Weapon Pack/M4 Scoped Assault Rifle/Models/Assault_Rifle_M4.fbx
  artifactKey: Guid(d0de870e1e071ff4e841c05aeec60610) Importer(815301076,1909f56bfc062723c751e8b465ee728b)
Start importing Assets/BigRookGames/_AssetPacks/Stylized Weapon Pack/M4 Scoped Assault Rifle/Models/Assault_Rifle_M4.fbx using Guid(d0de870e1e071ff4e841c05aeec60610) Importer(815301076,1909f56bfc062723c751e8b465ee728b)  -> (artifact id: 'a0e5c7cc06f3500caad8e4b436d85806') in 0.178224 seconds
  Import took 0.192086 seconds .

========================================================================
Received Import Request.
  Time since last request: 0.000211 seconds.
  path: Assets/BigRookGames/_AssetPacks/Stylized Weapon Pack/M4 Scoped Assault Rifle/Models/Assault_Rifle_M4_with_scope.fbx
  artifactKey: Guid(8e53c18e70760ae4d9ce13cc65b5bfb0) Importer(815301076,1909f56bfc062723c751e8b465ee728b)
Start importing Assets/BigRookGames/_AssetPacks/Stylized Weapon Pack/M4 Scoped Assault Rifle/Models/Assault_Rifle_M4_with_scope.fbx using Guid(8e53c18e70760ae4d9ce13cc65b5bfb0) Importer(815301076,1909f56bfc062723c751e8b465ee728b)  -> (artifact id: 'da75af21392f300846a405e92c14f557') in 0.182030 seconds
  Import took 0.184082 seconds .

========================================================================
Received Import Request.
  Time since last request: 35.254527 seconds.
  path: Assets/BigRookGames/_AssetPacks/Stylized Weapon Pack/M4 Scoped Assault Rifle/Prefabs/Assault_Rifle_M4_with_scope.prefab
  artifactKey: Guid(fc45b7e62abe3a34da71d3a00638f636) Importer(815301076,1909f56bfc062723c751e8b465ee728b)
Start importing Assets/BigRookGames/_AssetPacks/Stylized Weapon Pack/M4 Scoped Assault Rifle/Prefabs/Assault_Rifle_M4_with_scope.prefab using Guid(fc45b7e62abe3a34da71d3a00638f636) Importer(815301076,1909f56bfc062723c751e8b465ee728b)  -> (artifact id: '7f733959fbeaed0f692e55c0f906401b') in 0.024941 seconds
  Import took 0.027969 seconds .

========================================================================
Received Import Request.
  Time since last request: 0.005503 seconds.
  path: Assets/BigRookGames/_AssetPacks/Stylized Weapon Pack/M4 Scoped Assault Rifle/Prefabs/Assault_Rifle_M4_with_scope.prefab
  artifactKey: Guid(fc45b7e62abe3a34da71d3a00638f636) Importer(815301076,1909f56bfc062723c751e8b465ee728b)
Start importing Assets/BigRookGames/_AssetPacks/Stylized Weapon Pack/M4 Scoped Assault Rifle/Prefabs/Assault_Rifle_M4_with_scope.prefab using Guid(fc45b7e62abe3a34da71d3a00638f636) Importer(815301076,1909f56bfc062723c751e8b465ee728b)  -> (artifact id: '7f733959fbeaed0f692e55c0f906401b') in 0.019814 seconds
  Import took 0.023414 seconds .

========================================================================
Received Import Request.
  Time since last request: 14.423662 seconds.
  path: Assets/BigRookGames/_AssetPacks/Stylized Weapon Pack/M4 Scoped Assault Rifle/Prefabs/VFX_M4 Muzzle Flash.prefab
  artifactKey: Guid(4543ab5e3d405ec40a8d4e9aa5165030) Importer(815301076,1909f56bfc062723c751e8b465ee728b)
Start importing Assets/BigRookGames/_AssetPacks/Stylized Weapon Pack/M4 Scoped Assault Rifle/Prefabs/VFX_M4 Muzzle Flash.prefab using Guid(4543ab5e3d405ec40a8d4e9aa5165030) Importer(815301076,1909f56bfc062723c751e8b465ee728b)  -> (artifact id: '3955c94b384bd7d09bd764250039ecc6') in 0.010152 seconds
  Import took 0.012865 seconds .

========================================================================
Received Import Request.
  Time since last request: 0.014346 seconds.
  path: Assets/BigRookGames/_AssetPacks/Stylized Weapon Pack/M4 Scoped Assault Rifle/Prefabs/VFX_M4 Muzzle Flash.prefab
  artifactKey: Guid(4543ab5e3d405ec40a8d4e9aa5165030) Importer(815301076,1909f56bfc062723c751e8b465ee728b)
Start importing Assets/BigRookGames/_AssetPacks/Stylized Weapon Pack/M4 Scoped Assault Rifle/Prefabs/VFX_M4 Muzzle Flash.prefab using Guid(4543ab5e3d405ec40a8d4e9aa5165030) Importer(815301076,1909f56bfc062723c751e8b465ee728b)  -> (artifact id: '3955c94b384bd7d09bd764250039ecc6') in 0.004939 seconds
  Import took 0.007447 seconds .

========================================================================
Received Import Request.
  Time since last request: 0.030013 seconds.
  path: Assets/BigRookGames/_AssetPacks/Stylized Weapon Pack/M4 Scoped Assault Rifle/Materials/SoftGlow.mat
  artifactKey: Guid(ad563762ae12eec4db605c6b20f3ea67) Importer(815301076,1909f56bfc062723c751e8b465ee728b)
Start importing Assets/BigRookGames/_AssetPacks/Stylized Weapon Pack/M4 Scoped Assault Rifle/Materials/SoftGlow.mat using Guid(ad563762ae12eec4db605c6b20f3ea67) Importer(815301076,1909f56bfc062723c751e8b465ee728b)  -> (artifact id: '298a537995d52e881f86fc0651d1c64a') in 0.059085 seconds
  Import took 0.061211 seconds .

========================================================================
Received Import Request.
  Time since last request: 3.578292 seconds.
  path: Assets/BigRookGames/_AssetPacks/Stylized Weapon Pack/M4 Scoped Assault Rifle/Prefabs/Assault_Rifle_M4.prefab
  artifactKey: Guid(9c32f2e3b18a3a94fa0cb90a4ac1c2fd) Importer(815301076,1909f56bfc062723c751e8b465ee728b)
Start importing Assets/BigRookGames/_AssetPacks/Stylized Weapon Pack/M4 Scoped Assault Rifle/Prefabs/Assault_Rifle_M4.prefab using Guid(9c32f2e3b18a3a94fa0cb90a4ac1c2fd) Importer(815301076,1909f56bfc062723c751e8b465ee728b)  -> (artifact id: '2abda34f46511e9099f52886ec0107b1') in 0.019635 seconds
  Import took 0.022284 seconds .

========================================================================
Received Import Request.
  Time since last request: 41.779666 seconds.
  path: Assets/Items/Guns/RifleObject.prefab
  artifactKey: Guid(fc45b7e62abe3a34da71d3a00638f636) Importer(815301076,1909f56bfc062723c751e8b465ee728b)
Start importing Assets/Items/Guns/RifleObject.prefab using Guid(fc45b7e62abe3a34da71d3a00638f636) Importer(815301076,1909f56bfc062723c751e8b465ee728b)  -> (artifact id: 'b06741a1a334abafdb2e315e53e3d46d') in 0.024190 seconds
  Import took 0.027016 seconds .

========================================================================
Received Prepare
Registering precompiled user dll's ...
Registered in 0.001999 seconds.
Begin MonoManager ReloadAssembly
Symbol file LoadedFromMemory is not a mono symbol file
Native extension for WindowsStandalone target not found
Refreshing native plugins compatible for Editor in 0.33 ms, found 0 plugins.
Preloading 0 native plugins for Editor in 0.00 ms.
Invoked RoslynAnalysisRunner static constructor.
RoslynAnalysisRunner will not be running.
RoslynAnalysisRunner has terminated.
Mono: successfully reloaded assembly
- Completed reload, in  0.685 seconds
Platform modules already initialized, skipping
Refreshing native plugins compatible for Editor in 0.26 ms, found 0 plugins.
Preloading 0 native plugins for Editor in 0.00 ms.
Unloading 1348 Unused Serialized files (Serialized files now loaded: 0)
System memory in use before: 74.0 MB.
System memory in use after: 74.1 MB.

Unloading 10 unused Assets to reduce memory usage. Loaded Objects now: 1887.
Total: 1.417400 ms (FindLiveObjects: 0.130300 ms CreateObjectMapping: 0.040000 ms MarkObjects: 1.192100 ms  DeleteObjects: 0.054000 ms)

========================================================================
Received Prepare
Registering precompiled user dll's ...
Registered in 0.001931 seconds.
Begin MonoManager ReloadAssembly
Symbol file LoadedFromMemory is not a mono symbol file
Native extension for WindowsStandalone target not found
Refreshing native plugins compatible for Editor in 0.31 ms, found 0 plugins.
Preloading 0 native plugins for Editor in 0.00 ms.
Invoked RoslynAnalysisRunner static constructor.
RoslynAnalysisRunner will not be running.
RoslynAnalysisRunner has terminated.
Mono: successfully reloaded assembly
- Completed reload, in  0.695 seconds
Platform modules already initialized, skipping
Refreshing native plugins compatible for Editor in 0.26 ms, found 0 plugins.
Preloading 0 native plugins for Editor in 0.00 ms.
Unloading 1348 Unused Serialized files (Serialized files now loaded: 0)
System memory in use before: 74.0 MB.
System memory in use after: 74.1 MB.

Unloading 10 unused Assets to reduce memory usage. Loaded Objects now: 1889.
Total: 1.553200 ms (FindLiveObjects: 0.139200 ms CreateObjectMapping: 0.042600 ms MarkObjects: 1.295000 ms  DeleteObjects: 0.075100 ms)

========================================================================
Received Prepare
Registering precompiled user dll's ...
Registered in 0.002141 seconds.
Begin MonoManager ReloadAssembly
Symbol file LoadedFromMemory is not a mono symbol file
Native extension for WindowsStandalone target not found
Refreshing native plugins compatible for Editor in 0.28 ms, found 0 plugins.
Preloading 0 native plugins for Editor in 0.00 ms.
Invoked RoslynAnalysisRunner static constructor.
RoslynAnalysisRunner will not be running.
RoslynAnalysisRunner has terminated.
Mono: successfully reloaded assembly
- Completed reload, in  0.714 seconds
Platform modules already initialized, skipping
Refreshing native plugins compatible for Editor in 0.27 ms, found 0 plugins.
Preloading 0 native plugins for Editor in 0.00 ms.
Unloading 1348 Unused Serialized files (Serialized files now loaded: 0)
System memory in use before: 74.0 MB.
System memory in use after: 74.1 MB.

Unloading 10 unused Assets to reduce memory usage. Loaded Objects now: 1891.
Total: 1.566000 ms (FindLiveObjects: 0.146800 ms CreateObjectMapping: 0.042300 ms MarkObjects: 1.313900 ms  DeleteObjects: 0.060700 ms)

========================================================================
Received Prepare
Registering precompiled user dll's ...
Registered in 0.002126 seconds.
Begin MonoManager ReloadAssembly
Symbol file LoadedFromMemory is not a mono symbol file
Native extension for WindowsStandalone target not found
Refreshing native plugins compatible for Editor in 0.25 ms, found 0 plugins.
Preloading 0 native plugins for Editor in 0.00 ms.
Invoked RoslynAnalysisRunner static constructor.
RoslynAnalysisRunner will not be running.
RoslynAnalysisRunner has terminated.
Mono: successfully reloaded assembly
- Completed reload, in  0.701 seconds
Platform modules already initialized, skipping
Refreshing native plugins compatible for Editor in 0.26 ms, found 0 plugins.
Preloading 0 native plugins for Editor in 0.00 ms.
Unloading 1348 Unused Serialized files (Serialized files now loaded: 0)
System memory in use before: 74.0 MB.
System memory in use after: 74.1 MB.

Unloading 10 unused Assets to reduce memory usage. Loaded Objects now: 1893.
Total: 1.610600 ms (FindLiveObjects: 0.158200 ms CreateObjectMapping: 0.042600 ms MarkObjects: 1.343400 ms  DeleteObjects: 0.064900 ms)

========================================================================
Received Prepare
Registering precompiled user dll's ...
Registered in 0.001970 seconds.
Begin MonoManager ReloadAssembly
Symbol file LoadedFromMemory is not a mono symbol file
Native extension for WindowsStandalone target not found
Refreshing native plugins compatible for Editor in 0.25 ms, found 0 plugins.
Preloading 0 native plugins for Editor in 0.00 ms.
Invoked RoslynAnalysisRunner static constructor.
RoslynAnalysisRunner will not be running.
RoslynAnalysisRunner has terminated.
Mono: successfully reloaded assembly
- Completed reload, in  0.690 seconds
Platform modules already initialized, skipping
Refreshing native plugins compatible for Editor in 0.25 ms, found 0 plugins.
Preloading 0 native plugins for Editor in 0.00 ms.
Unloading 1348 Unused Serialized files (Serialized files now loaded: 0)
System memory in use before: 74.0 MB.
System memory in use after: 74.1 MB.

Unloading 10 unused Assets to reduce memory usage. Loaded Objects now: 1895.
Total: 1.563300 ms (FindLiveObjects: 0.133800 ms CreateObjectMapping: 0.043400 ms MarkObjects: 1.330400 ms  DeleteObjects: 0.055200 ms)

========================================================================
Received Prepare
Registering precompiled user dll's ...
Registered in 0.002099 seconds.
Begin MonoManager ReloadAssembly
Symbol file LoadedFromMemory is not a mono symbol file
Native extension for WindowsStandalone target not found
Refreshing native plugins compatible for Editor in 0.25 ms, found 0 plugins.
Preloading 0 native plugins for Editor in 0.00 ms.
Invoked RoslynAnalysisRunner static constructor.
RoslynAnalysisRunner will not be running.
RoslynAnalysisRunner has terminated.
Mono: successfully reloaded assembly
- Completed reload, in  0.705 seconds
Platform modules already initialized, skipping
Refreshing native plugins compatible for Editor in 0.25 ms, found 0 plugins.
Preloading 0 native plugins for Editor in 0.00 ms.
Unloading 1348 Unused Serialized files (Serialized files now loaded: 0)
System memory in use before: 74.1 MB.
System memory in use after: 74.1 MB.

Unloading 10 unused Assets to reduce memory usage. Loaded Objects now: 1897.
Total: 1.609000 ms (FindLiveObjects: 0.132400 ms CreateObjectMapping: 0.041200 ms MarkObjects: 1.372100 ms  DeleteObjects: 0.062000 ms)

========================================================================
Received Prepare
Registering precompiled user dll's ...
Registered in 0.001931 seconds.
Begin MonoManager ReloadAssembly
Symbol file LoadedFromMemory is not a mono symbol file
Native extension for WindowsStandalone target not found
Refreshing native plugins compatible for Editor in 0.27 ms, found 0 plugins.
Preloading 0 native plugins for Editor in 0.00 ms.
Invoked RoslynAnalysisRunner static constructor.
RoslynAnalysisRunner will not be running.
RoslynAnalysisRunner has terminated.
Mono: successfully reloaded assembly
- Completed reload, in  0.700 seconds
Platform modules already initialized, skipping
Refreshing native plugins compatible for Editor in 0.25 ms, found 0 plugins.
Preloading 0 native plugins for Editor in 0.00 ms.
Unloading 1348 Unused Serialized files (Serialized files now loaded: 0)
System memory in use before: 74.1 MB.
System memory in use after: 74.1 MB.

Unloading 10 unused Assets to reduce memory usage. Loaded Objects now: 1899.
Total: 1.395200 ms (FindLiveObjects: 0.126300 ms CreateObjectMapping: 0.038800 ms MarkObjects: 1.177000 ms  DeleteObjects: 0.052300 ms)

========================================================================
Received Prepare
Registering precompiled user dll's ...
Registered in 0.002327 seconds.
Begin MonoManager ReloadAssembly
Symbol file LoadedFromMemory is not a mono symbol file
Native extension for WindowsStandalone target not found
Refreshing native plugins compatible for Editor in 0.29 ms, found 0 plugins.
Preloading 0 native plugins for Editor in 0.00 ms.
Invoked RoslynAnalysisRunner static constructor.
RoslynAnalysisRunner will not be running.
RoslynAnalysisRunner has terminated.
Mono: successfully reloaded assembly
- Completed reload, in  0.765 seconds
Platform modules already initialized, skipping
Refreshing native plugins compatible for Editor in 0.29 ms, found 0 plugins.
Preloading 0 native plugins for Editor in 0.00 ms.
Unloading 1348 Unused Serialized files (Serialized files now loaded: 0)
System memory in use before: 74.1 MB.
System memory in use after: 74.1 MB.

Unloading 10 unused Assets to reduce memory usage. Loaded Objects now: 1901.
Total: 1.852100 ms (FindLiveObjects: 0.208600 ms CreateObjectMapping: 0.068700 ms MarkObjects: 1.512100 ms  DeleteObjects: 0.061000 ms)

========================================================================
Received Prepare
Registering precompiled user dll's ...
Registered in 0.002041 seconds.
Begin MonoManager ReloadAssembly
Symbol file LoadedFromMemory is not a mono symbol file
Native extension for WindowsStandalone target not found
Refreshing native plugins compatible for Editor in 0.28 ms, found 0 plugins.
Preloading 0 native plugins for Editor in 0.00 ms.
Invoked RoslynAnalysisRunner static constructor.
RoslynAnalysisRunner will not be running.
RoslynAnalysisRunner has terminated.
Mono: successfully reloaded assembly
- Completed reload, in  0.746 seconds
Platform modules already initialized, skipping
Refreshing native plugins compatible for Editor in 0.26 ms, found 0 plugins.
Preloading 0 native plugins for Editor in 0.00 ms.
Unloading 1348 Unused Serialized files (Serialized files now loaded: 0)
System memory in use before: 74.1 MB.
System memory in use after: 74.1 MB.

Unloading 10 unused Assets to reduce memory usage. Loaded Objects now: 1903.
Total: 1.650200 ms (FindLiveObjects: 0.174600 ms CreateObjectMapping: 0.046300 ms MarkObjects: 1.370600 ms  DeleteObjects: 0.057400 ms)

========================================================================
Received Prepare
Registering precompiled user dll's ...
Registered in 0.002181 seconds.
Begin MonoManager ReloadAssembly
Symbol file LoadedFromMemory is not a mono symbol file
Native extension for WindowsStandalone target not found
Refreshing native plugins compatible for Editor in 0.25 ms, found 0 plugins.
Preloading 0 native plugins for Editor in 0.00 ms.
Invoked RoslynAnalysisRunner static constructor.
RoslynAnalysisRunner will not be running.
RoslynAnalysisRunner has terminated.
Mono: successfully reloaded assembly
- Completed reload, in  0.672 seconds
Platform modules already initialized, skipping
Refreshing native plugins compatible for Editor in 0.25 ms, found 0 plugins.
Preloading 0 native plugins for Editor in 0.00 ms.
Unloading 1348 Unused Serialized files (Serialized files now loaded: 0)
System memory in use before: 74.1 MB.
System memory in use after: 74.2 MB.

Unloading 10 unused Assets to reduce memory usage. Loaded Objects now: 1905.
Total: 1.474500 ms (FindLiveObjects: 0.146800 ms CreateObjectMapping: 0.044500 ms MarkObjects: 1.227100 ms  DeleteObjects: 0.054800 ms)

========================================================================
Received Prepare
Registering precompiled user dll's ...
Registered in 0.002146 seconds.
Begin MonoManager ReloadAssembly
Symbol file LoadedFromMemory is not a mono symbol file
Native extension for WindowsStandalone target not found
Refreshing native plugins compatible for Editor in 0.28 ms, found 0 plugins.
Preloading 0 native plugins for Editor in 0.00 ms.
Invoked RoslynAnalysisRunner static constructor.
RoslynAnalysisRunner will not be running.
RoslynAnalysisRunner has terminated.
Mono: successfully reloaded assembly
- Completed reload, in  0.791 seconds
Platform modules already initialized, skipping
Refreshing native plugins compatible for Editor in 0.29 ms, found 0 plugins.
Preloading 0 native plugins for Editor in 0.00 ms.
Unloading 1348 Unused Serialized files (Serialized files now loaded: 0)
System memory in use before: 74.1 MB.
System memory in use after: 74.2 MB.

Unloading 10 unused Assets to reduce memory usage. Loaded Objects now: 1907.
Total: 1.667500 ms (FindLiveObjects: 0.145900 ms CreateObjectMapping: 0.044100 ms MarkObjects: 1.400000 ms  DeleteObjects: 0.076500 ms)

========================================================================
Received Prepare
Registering precompiled user dll's ...
Registered in 0.002205 seconds.
Begin MonoManager ReloadAssembly
Symbol file LoadedFromMemory is not a mono symbol file
Native extension for WindowsStandalone target not found
Refreshing native plugins compatible for Editor in 0.40 ms, found 0 plugins.
Preloading 0 native plugins for Editor in 0.00 ms.
Invoked RoslynAnalysisRunner static constructor.
RoslynAnalysisRunner will not be running.
RoslynAnalysisRunner has terminated.
Mono: successfully reloaded assembly
- Completed reload, in  0.664 seconds
Platform modules already initialized, skipping
Refreshing native plugins compatible for Editor in 0.26 ms, found 0 plugins.
Preloading 0 native plugins for Editor in 0.00 ms.
Unloading 1348 Unused Serialized files (Serialized files now loaded: 0)
System memory in use before: 74.1 MB.
System memory in use after: 74.2 MB.

Unloading 10 unused Assets to reduce memory usage. Loaded Objects now: 1909.
Total: 1.725300 ms (FindLiveObjects: 0.157100 ms CreateObjectMapping: 0.049900 ms MarkObjects: 1.452800 ms  DeleteObjects: 0.064300 ms)

AssetImportWorkerClient::OnTransportError - code=2 error=End of file
