Using pre-set license
Built from '2020.2/release' branch; Version is '2020.2.4f1 (becced5a802b) revision 12504301'; Using compiler version '192528614'; Build Type 'Release'
OS: 'Windows 10 Home Single Language; OS build 19041.804; Version 2004; 64bit' Language: 'uk' Physical Memory: 16326 MB
BatchMode: 1, IsHumanControllingUs: 0, StartBugReporterOnCrash: 0, Is64bit: 1, IsPro: 0

 COMMAND LINE ARGUMENTS:
D:\Games\unity\2020.2.4f1\Editor\Unity.exe
-adb2
-batchMode
-noUpm
-name
AssetImportWorker0
-projectPath
D:/Games/Unity Projects/ShooterMultiplayer
-logFile
Logs/AssetImportWorker0.log
-srvPort
64828
Successfully changed project path to: D:/Games/Unity Projects/ShooterMultiplayer
D:/Games/Unity Projects/ShooterMultiplayer
Using Asset Import Pipeline V2.
Refreshing native plugins compatible for Editor in 26.54 ms, found 0 plugins.
Preloading 0 native plugins for Editor in 0.00 ms.
Initialize engine version: 2020.2.4f1 (becced5a802b)
[Subsystems] Discovering subsystems at path D:/Games/unity/2020.2.4f1/Editor/Data/Resources/UnitySubsystems
[Subsystems] Discovering subsystems at path D:/Games/Unity Projects/ShooterMultiplayer/Assets
GfxDevice: creating device client; threaded=0
Direct3D:
    Version:  Direct3D 11.0 [level 11.1]
    Renderer: NVIDIA GeForce GTX 1080 (ID=0x1b80)
    Vendor:   
    VRAM:     8079 MB
    Driver:   27.21.14.6140
Initialize mono
Mono path[0] = 'D:/Games/unity/2020.2.4f1/Editor/Data/Managed'
Mono path[1] = 'D:/Games/unity/2020.2.4f1/Editor/Data/MonoBleedingEdge/lib/mono/unityjit'
Mono config path = 'D:/Games/unity/2020.2.4f1/Editor/Data/MonoBleedingEdge/etc'
Using monoOptions --debugger-agent=transport=dt_socket,embedding=1,server=y,suspend=n,address=127.0.0.1:56308
Begin MonoManager ReloadAssembly
Registering precompiled unity dll's ...
Register platform support module: D:/Games/unity/2020.2.4f1/Editor/Data/PlaybackEngines/WindowsStandaloneSupport/UnityEditor.WindowsStandalone.Extensions.dll
Registered in 0.001097 seconds.
Native extension for WindowsStandalone target not found
Refreshing native plugins compatible for Editor in 25.96 ms, found 0 plugins.
Preloading 0 native plugins for Editor in 0.00 ms.
Invoked RoslynAnalysisRunner static constructor.
RoslynAnalysisRunner will not be running.
RoslynAnalysisRunner has terminated.
Mono: successfully reloaded assembly
- Completed reload, in  1.102 seconds
Platform modules already initialized, skipping
Registering precompiled user dll's ...
Registered in 0.002044 seconds.
Begin MonoManager ReloadAssembly
Symbol file LoadedFromMemory is not a mono symbol file
Native extension for WindowsStandalone target not found
Refreshing native plugins compatible for Editor in 0.25 ms, found 0 plugins.
Preloading 0 native plugins for Editor in 0.00 ms.
Invoked RoslynAnalysisRunner static constructor.
RoslynAnalysisRunner will not be running.
RoslynAnalysisRunner has terminated.
Mono: successfully reloaded assembly
- Completed reload, in  0.764 seconds
Platform modules already initialized, skipping
========================================================================
Worker process is ready to serve import requests
Launched and connected shader compiler UnityShaderCompiler.exe after 0.04 seconds
Refreshing native plugins compatible for Editor in 0.25 ms, found 0 plugins.
Preloading 0 native plugins for Editor in 0.00 ms.
Unloading 1392 Unused Serialized files (Serialized files now loaded: 0)
System memory in use before: 73.1 MB.
System memory in use after: 73.1 MB.

Unloading 15 unused Assets to reduce memory usage. Loaded Objects now: 1836.
Total: 1.723900 ms (FindLiveObjects: 0.137300 ms CreateObjectMapping: 0.114400 ms MarkObjects: 1.391100 ms  DeleteObjects: 0.080300 ms)

========================================================================
Received Import Request.
  path: Assets/C#/Billboard.cs
  artifactKey: Guid(032011788bc2da8418bb8958b4eb6ea3) Importer(815301076,1909f56bfc062723c751e8b465ee728b)
Start importing Assets/C#/Billboard.cs using Guid(032011788bc2da8418bb8958b4eb6ea3) Importer(815301076,1909f56bfc062723c751e8b465ee728b)  -> (artifact id: 'de76aa30bf43ad5269d783c49d13dd48') in 0.045579 seconds
  Import took 0.047727 seconds .

========================================================================
Received Import Request.
  Time since last request: 3.561847 seconds.
  path: Assets/C#/Billboard.cs
  artifactKey: Guid(032011788bc2da8418bb8958b4eb6ea3) Importer(815301076,1909f56bfc062723c751e8b465ee728b)
Start importing Assets/C#/Billboard.cs using Guid(032011788bc2da8418bb8958b4eb6ea3) Importer(815301076,1909f56bfc062723c751e8b465ee728b)  -> (artifact id: 'b636c01bdd2f272ecaa95804167b07a1') in 0.004253 seconds
  Import took 0.006550 seconds .

========================================================================
Received Import Request.
  Time since last request: 0.001475 seconds.
  path: Assets/C#/Billboard.cs
  artifactKey: Guid(032011788bc2da8418bb8958b4eb6ea3) Importer(815301076,1909f56bfc062723c751e8b465ee728b)
Start importing Assets/C#/Billboard.cs using Guid(032011788bc2da8418bb8958b4eb6ea3) Importer(815301076,1909f56bfc062723c751e8b465ee728b)  -> (artifact id: 'b636c01bdd2f272ecaa95804167b07a1') in 0.003127 seconds
  Import took 0.005246 seconds .

========================================================================
Received Import Request.
  Time since last request: 173.808681 seconds.
  path: Assets/C#/Billboard.cs
  artifactKey: Guid(032011788bc2da8418bb8958b4eb6ea3) Importer(815301076,1909f56bfc062723c751e8b465ee728b)
Start importing Assets/C#/Billboard.cs using Guid(032011788bc2da8418bb8958b4eb6ea3) Importer(815301076,1909f56bfc062723c751e8b465ee728b)  -> (artifact id: '664ecdbce3155d5f896619cf8bc0bca6') in 0.005596 seconds
  Import took 0.007910 seconds .

========================================================================
Received Prepare
Registering precompiled user dll's ...
Registered in 0.002065 seconds.
Begin MonoManager ReloadAssembly
Symbol file LoadedFromMemory is not a mono symbol file
Native extension for WindowsStandalone target not found
Refreshing native plugins compatible for Editor in 0.25 ms, found 0 plugins.
Preloading 0 native plugins for Editor in 0.00 ms.
Invoked RoslynAnalysisRunner static constructor.
RoslynAnalysisRunner will not be running.
RoslynAnalysisRunner has terminated.
Mono: successfully reloaded assembly
- Completed reload, in  0.706 seconds
Platform modules already initialized, skipping
Refreshing native plugins compatible for Editor in 0.26 ms, found 0 plugins.
Preloading 0 native plugins for Editor in 0.00 ms.
Unloading 1347 Unused Serialized files (Serialized files now loaded: 0)
System memory in use before: 69.9 MB.
System memory in use after: 70.0 MB.

Unloading 10 unused Assets to reduce memory usage. Loaded Objects now: 1838.
Total: 1.637200 ms (FindLiveObjects: 0.138800 ms CreateObjectMapping: 0.042700 ms MarkObjects: 1.391400 ms  DeleteObjects: 0.063100 ms)

